# JRE version: OpenJDK Runtime Environment Temurin-21.0.5+11 (21.0.5+11) (build 21.0.5+11-LTS)
# Java VM: OpenJDK 64-Bit Server VM Temurin-21.0.5+11 (21.0.5+11-LTS, mixed mode, emulated-client, sharing, tiered, compressed oops, compressed class ptrs, g1 gc, windows-amd64)
GC Precious Log:
 CardTable entry size: 512
 Card Set container configuration: InlinePtr #cards 4 size 8 Array Of Cards #cards 32 size 80 Howl #buckets 8 coarsen threshold 7372 Howl Bitmap #cards 1024 size 144 coarsen threshold 921 Card regions per heap region 1 cards per card region 8192
 CPUs: 8 total, 8 available
 Memory: 20206M
 Large Page Support: Disabled
 NUMA Support: Disabled
 Compressed Oops: Enabled (Zero based)
 Heap Region Size: 4M
 Heap Min Capacity: 8M
 Heap Initial Capacity: 316M
 Heap Max Capacity: 5052M
 Pre-touch: Disabled
 Parallel Workers: 8
 Concurrent Workers: 2
 Concurrent Refinement Workers: 8
 Periodic GC: Disabled
Heap:
 garbage-first heap   total 110592K, used 34874K [0x00000006c4400000, 0x0000000800000000)
  region size 4096K, 3 young (12288K), 2 survivors (8192K)
 Metaspace       used 83211K, committed 84224K, reserved 1179648K
  class space    used 11159K, committed 11648K, reserved 1048576K
GC Heap History (20 events):
Event: 1361.921 GC heap before
{Heap before GC invocations=72 (full 16):
 garbage-first heap   total 110592K, used 58839K [0x00000006c4400000, 0x0000000800000000)
  region size 4096K, 9 young (36864K), 2 survivors (8192K)
 Metaspace       used 81759K, committed 82688K, reserved 1179648K
  class space    used 11035K, committed 11456K, reserved 1048576K
}
Event: 1361.971 GC heap after
{Heap after GC invocations=73 (full 17):
 garbage-first heap   total 110592K, used 29154K [0x00000006c4400000, 0x0000000800000000)
  region size 4096K, 0 young (0K), 0 survivors (0K)
 Metaspace       used 81756K, committed 82688K, reserved 1179648K
  class space    used 11035K, committed 11456K, reserved 1048576K
}
Event: 1364.189 GC heap before
{Heap before GC invocations=73 (full 17):
 garbage-first heap   total 110592K, used 86498K [0x00000006c4400000, 0x0000000800000000)
  region size 4096K, 15 young (61440K), 0 survivors (0K)
 Metaspace       used 82035K, committed 83008K, reserved 1179648K
  class space    used 11060K, committed 11520K, reserved 1048576K
}
Event: 1364.193 GC heap after
{Heap after GC invocations=74 (full 17):
 garbage-first heap   total 110592K, used 34189K [0x00000006c4400000, 0x0000000800000000)
  region size 4096K, 2 young (8192K), 2 survivors (8192K)
 Metaspace       used 82035K, committed 83008K, reserved 1179648K
  class space    used 11060K, committed 11520K, reserved 1048576K
}
Event: 1366.212 GC heap before
{Heap before GC invocations=75 (full 17):
 garbage-first heap   total 110592K, used 54669K [0x00000006c4400000, 0x0000000800000000)
  region size 4096K, 8 young (32768K), 2 survivors (8192K)
 Metaspace       used 82043K, committed 83008K, reserved 1179648K
  class space    used 11062K, committed 11520K, reserved 1048576K
}
Event: 1366.261 GC heap after
{Heap after GC invocations=76 (full 18):
 garbage-first heap   total 110592K, used 28905K [0x00000006c4400000, 0x0000000800000000)
  region size 4096K, 0 young (0K), 0 survivors (0K)
 Metaspace       used 82039K, committed 83008K, reserved 1179648K
  class space    used 11061K, committed 11520K, reserved 1048576K
}
Event: 1368.598 GC heap before
{Heap before GC invocations=76 (full 18):
 garbage-first heap   total 110592K, used 86249K [0x00000006c4400000, 0x0000000800000000)
  region size 4096K, 15 young (61440K), 0 survivors (0K)
 Metaspace       used 82316K, committed 83264K, reserved 1179648K
  class space    used 11085K, committed 11520K, reserved 1048576K
}
Event: 1368.601 GC heap after
{Heap after GC invocations=77 (full 18):
 garbage-first heap   total 110592K, used 34059K [0x00000006c4400000, 0x0000000800000000)
  region size 4096K, 2 young (8192K), 2 survivors (8192K)
 Metaspace       used 82316K, committed 83264K, reserved 1179648K
  class space    used 11085K, committed 11520K, reserved 1048576K
}
Event: 1408.977 GC heap before
{Heap before GC invocations=78 (full 18):
 garbage-first heap   total 110592K, used 54539K [0x00000006c4400000, 0x0000000800000000)
  region size 4096K, 8 young (32768K), 2 survivors (8192K)
 Metaspace       used 82336K, committed 83264K, reserved 1179648K
  class space    used 11087K, committed 11520K, reserved 1048576K
}
Event: 1409.031 GC heap after
{Heap after GC invocations=79 (full 19):
 garbage-first heap   total 110592K, used 29180K [0x00000006c4400000, 0x0000000800000000)
  region size 4096K, 0 young (0K), 0 survivors (0K)
 Metaspace       used 82333K, committed 83264K, reserved 1179648K
  class space    used 11086K, committed 11520K, reserved 1048576K
}
Event: 1411.448 GC heap before
{Heap before GC invocations=79 (full 19):
 garbage-first heap   total 110592K, used 86524K [0x00000006c4400000, 0x0000000800000000)
  region size 4096K, 15 young (61440K), 0 survivors (0K)
 Metaspace       used 82612K, committed 83584K, reserved 1179648K
  class space    used 11110K, committed 11584K, reserved 1048576K
}
Event: 1411.451 GC heap after
{Heap after GC invocations=80 (full 19):
 garbage-first heap   total 110592K, used 34207K [0x00000006c4400000, 0x0000000800000000)
  region size 4096K, 2 young (8192K), 2 survivors (8192K)
 Metaspace       used 82612K, committed 83584K, reserved 1179648K
  class space    used 11110K, committed 11584K, reserved 1048576K
}
Event: 1420.661 GC heap before
{Heap before GC invocations=81 (full 19):
 garbage-first heap   total 110592K, used 54687K [0x00000006c4400000, 0x0000000800000000)
  region size 4096K, 8 young (32768K), 2 survivors (8192K)
 Metaspace       used 82632K, committed 83584K, reserved 1179648K
  class space    used 11111K, committed 11584K, reserved 1048576K
}
Event: 1420.714 GC heap after
{Heap after GC invocations=82 (full 20):
 garbage-first heap   total 110592K, used 29393K [0x00000006c4400000, 0x0000000800000000)
  region size 4096K, 0 young (0K), 0 survivors (0K)
 Metaspace       used 82630K, committed 83584K, reserved 1179648K
  class space    used 11111K, committed 11584K, reserved 1048576K
}
Event: 1423.000 GC heap before
{Heap before GC invocations=82 (full 20):
 garbage-first heap   total 110592K, used 90833K [0x00000006c4400000, 0x0000000800000000)
  region size 4096K, 15 young (61440K), 0 survivors (0K)
 Metaspace       used 82905K, committed 83840K, reserved 1179648K
  class space    used 11134K, committed 11584K, reserved 1048576K
}
Event: 1423.003 GC heap after
{Heap after GC invocations=83 (full 20):
 garbage-first heap   total 110592K, used 34542K [0x00000006c4400000, 0x0000000800000000)
  region size 4096K, 2 young (8192K), 2 survivors (8192K)
 Metaspace       used 82905K, committed 83840K, reserved 1179648K
  class space    used 11134K, committed 11584K, reserved 1048576K
}
Event: 1447.051 GC heap before
{Heap before GC invocations=84 (full 20):
 garbage-first heap   total 110592K, used 55022K [0x00000006c4400000, 0x0000000800000000)
  region size 4096K, 8 young (32768K), 2 survivors (8192K)
 Metaspace       used 82909K, committed 83904K, reserved 1179648K
  class space    used 11135K, committed 11584K, reserved 1048576K
}
Event: 1447.109 GC heap after
{Heap after GC invocations=85 (full 21):
 garbage-first heap   total 110592K, used 29604K [0x00000006c4400000, 0x0000000800000000)
  region size 4096K, 0 young (0K), 0 survivors (0K)
 Metaspace       used 82907K, committed 83904K, reserved 1179648K
  class space    used 11134K, committed 11584K, reserved 1048576K
}
Event: 1450.580 GC heap before
{Heap before GC invocations=85 (full 21):
 garbage-first heap   total 110592K, used 91044K [0x00000006c4400000, 0x0000000800000000)
  region size 4096K, 15 young (61440K), 0 survivors (0K)
 Metaspace       used 83191K, committed 84224K, reserved 1179648K
  class space    used 11160K, committed 11648K, reserved 1048576K
}
Event: 1450.584 GC heap after
{Heap after GC invocations=86 (full 21):
 garbage-first heap   total 110592K, used 34874K [0x00000006c4400000, 0x0000000800000000)
  region size 4096K, 2 young (8192K), 2 survivors (8192K)
 Metaspace       used 83191K, committed 84224K, reserved 1179648K
  class space    used 11160K, committed 11648K, reserved 1048576K
}

